LOG ENTRY: Mon Apr 21st, 2014 @ precisely 3:24 pm UTC
PHP v5.3.28 :: WordPress v3.8.3 :: s2Member v140409 :: s2Member Pro v140409
Memory 40.63 MB :: Real Memory 41.00 MB :: Peak Memory 40.70 MB :: Real Peak Memory 41.00 MB
powinteractive.pairserver.com/epic-org/subscribe/
User-Agent: Mozilla/5.0 (Macintosh; Intel Mac OS X 10.9; rv:18.0) Gecko/20100101 Firefox/18.0
-------- Input vars: ( Mon Apr 21, 2014 3:24:32 pm UTC ) --------
array (
  'METHOD' => 'SetExpressCheckout',
  'RETURNURL' => 'http://powinteractive.pairserver.com/epic-org/subscribe/?s2p-option&s2member_paypal_xco=s2member_pro_paypal_checkout_return',
  'CANCELURL' => 'http://powinteractive.pairserver.com/epic-org/subscribe/?s2p-option&s2member_paypal_xco=s2member_pro_paypal_checkout_cancel',
  'PAGESTYLE' => 'paypal',
  'LOCALECODE' => '',
  'NOSHIPPING' => '1',
  'SOLUTIONTYPE' => 'Sole',
  'LANDINGPAGE' => 'Billing',
  'ALLOWNOTE' => '0',
  'L_BILLINGTYPE0' => 'RecurringPayments',
  'L_BILLINGAGREEMENTDESCRIPTION0' => 'Access to restricted content',
  'MAXAMT' => '0.01',
  'PAYMENTREQUEST_0_SHIPTONAME' => 'Jungle Jim',
  'PAYMENTREQUEST_0_SHIPTOSTREET' => '',
  'PAYMENTREQUEST_0_SHIPTOCITY' => '',
  'PAYMENTREQUEST_0_SHIPTOSTATE' => '',
  'PAYMENTREQUEST_0_SHIPTOCOUNTRYCODE' => 'US',
  'PAYMENTREQUEST_0_SHIPTOZIP' => '',
  'EMAIL' => 'sheagegan@gmail.com',
  'VERSION' => '71.0',
  'USER' => 'biz_api1.powinteractive.net',
  'PWD' => 'xxxxxxxx/PWD/SIG',
  'SIGNATURE' => 'xxxxxxxx/PWD/SIG',
)
-------- Output string/vars: ( Mon Apr 21, 2014 3:24:33 pm UTC ) --------
TOKEN=EC%2d7XY172286J467535B&TIMESTAMP=2014%2d04%2d21T15%3a24%3a33Z&CORRELATIONID=65e0116c379cc&ACK=Success&VERSION=71%2e0&BUILD=10567876
array (
  'TOKEN' => 'EC-7XY172286J467535B',
  'TIMESTAMP' => '2014-04-21T15:24:33Z',
  'CORRELATIONID' => '65e0116c379cc',
  'ACK' => 'Success',
  'VERSION' => '71.0',
  'BUILD' => '10567876',
)

LOG ENTRY: Mon Apr 21st, 2014 @ precisely 3:29 pm UTC
PHP v5.3.28 :: WordPress v3.8.3 :: s2Member v140409 :: s2Member Pro v140409
Memory 40.64 MB :: Real Memory 41.25 MB :: Peak Memory 40.70 MB :: Real Peak Memory 41.25 MB
powinteractive.pairserver.com/epic-org/subscribe/?s2p-option&s2member_paypal_xco=s2member_pro_paypal_checkout_return&token=EC-7XY172286J467535B
User-Agent: Mozilla/5.0 (Macintosh; Intel Mac OS X 10.9; rv:18.0) Gecko/20100101 Firefox/18.0
-------- Input vars: ( Mon Apr 21, 2014 3:29:53 pm UTC ) --------
array (
  'METHOD' => 'GetExpressCheckoutDetails',
  'TOKEN' => 'EC-7XY172286J467535B',
  'VERSION' => '71.0',
  'USER' => 'biz_api1.powinteractive.net',
  'PWD' => 'xxxxxxxx/PWD/SIG',
  'SIGNATURE' => 'xxxxxxxx/PWD/SIG',
)
-------- Output string/vars: ( Mon Apr 21, 2014 3:29:54 pm UTC ) --------
TOKEN=EC%2d7XY172286J467535B&BILLINGAGREEMENTACCEPTEDSTATUS=1&CHECKOUTSTATUS=PaymentActionNotInitiated&TIMESTAMP=2014%2d04%2d21T15%3a29%3a54Z&CORRELATIONID=53a7268f1ace0&ACK=Success&VERSION=71%2e0&BUILD=10567876&EMAIL=shea%40powinteractive%2enet&PAYERID=GNYKU8GQKHX4C&PAYERSTATUS=verified&FIRSTNAME=John&LASTNAME=Depp&COUNTRYCODE=US&CURRENCYCODE=USD&AMT=0%2e00&SHIPPINGAMT=0%2e00&HANDLINGAMT=0%2e00&TAXAMT=0%2e00&INSURANCEAMT=0%2e00&SHIPDISCAMT=0%2e00&PAYMENTREQUEST_0_CURRENCYCODE=USD&PAYMENTREQUEST_0_AMT=0%2e00&PAYMENTREQUEST_0_SHIPPINGAMT=0%2e00&PAYMENTREQUEST_0_HANDLINGAMT=0%2e00&PAYMENTREQUEST_0_TAXAMT=0%2e00&PAYMENTREQUEST_0_INSURANCEAMT=0%2e00&PAYMENTREQUEST_0_SHIPDISCAMT=0%2e00&PAYMENTREQUEST_0_INSURANCEOPTIONOFFERED=false&PAYMENTREQUESTINFO_0_ERRORCODE=0
array (
  'TOKEN' => 'EC-7XY172286J467535B',
  'BILLINGAGREEMENTACCEPTEDSTATUS' => '1',
  'CHECKOUTSTATUS' => 'PaymentActionNotInitiated',
  'TIMESTAMP' => '2014-04-21T15:29:54Z',
  'CORRELATIONID' => '53a7268f1ace0',
  'ACK' => 'Success',
  'VERSION' => '71.0',
  'BUILD' => '10567876',
  'EMAIL' => 'shea@powinteractive.net',
  'PAYERID' => 'GNYKU8GQKHX4C',
  'PAYERSTATUS' => 'verified',
  'FIRSTNAME' => 'John',
  'LASTNAME' => 'Depp',
  'COUNTRYCODE' => 'US',
  'CURRENCYCODE' => 'USD',
  'AMT' => '0.00',
  'SHIPPINGAMT' => '0.00',
  'HANDLINGAMT' => '0.00',
  'TAXAMT' => '0.00',
  'INSURANCEAMT' => '0.00',
  'SHIPDISCAMT' => '0.00',
  'PAYMENTREQUEST_0_CURRENCYCODE' => 'USD',
  'PAYMENTREQUEST_0_AMT' => '0.00',
  'PAYMENTREQUEST_0_SHIPPINGAMT' => '0.00',
  'PAYMENTREQUEST_0_HANDLINGAMT' => '0.00',
  'PAYMENTREQUEST_0_TAXAMT' => '0.00',
  'PAYMENTREQUEST_0_INSURANCEAMT' => '0.00',
  'PAYMENTREQUEST_0_SHIPDISCAMT' => '0.00',
  'PAYMENTREQUEST_0_INSURANCEOPTIONOFFERED' => 'false',
  'PAYMENTREQUESTINFO_0_ERRORCODE' => '0',
)

LOG ENTRY: Mon Apr 21st, 2014 @ precisely 3:29 pm UTC
PHP v5.3.28 :: WordPress v3.8.3 :: s2Member v140409 :: s2Member Pro v140409
Memory 40.64 MB :: Real Memory 41.25 MB :: Peak Memory 40.72 MB :: Real Peak Memory 41.25 MB
powinteractive.pairserver.com/epic-org/subscribe/?s2p-option&s2member_paypal_xco=s2member_pro_paypal_checkout_return&token=EC-7XY172286J467535B
User-Agent: Mozilla/5.0 (Macintosh; Intel Mac OS X 10.9; rv:18.0) Gecko/20100101 Firefox/18.0
-------- Input vars: ( Mon Apr 21, 2014 3:29:54 pm UTC ) --------
array (
  'METHOD' => 'CreateRecurringPaymentsProfile',
  'EMAIL' => 'sheagegan@gmail.com',
  'FIRSTNAME' => 'Jungle',
  'LASTNAME' => 'Jim',
  'SUBSCRIBERNAME' => 'Jungle Jim',
  'DESC' => 'Access to restricted content',
  'PROFILEREFERENCE' => '1400729393:0 D:1 M~powinteractive.pairserver.com~1',
  'INITAMT' => '0.01',
  'FAILEDINITAMTACTION' => 'CancelOnFailure',
  'CURRENCYCODE' => 'USD',
  'AMT' => '0.01',
  'TAXAMT' => '0.00',
  'MAXFAILEDPAYMENTS' => '2',
  'AUTOBILLOUTAMT' => 'AddToNextBilling',
  'PROFILESTARTDATE' => '2014-05-22T00:00:00Z',
  'BILLINGPERIOD' => 'Month',
  'TOTALBILLINGCYCLES' => '0',
  'BILLINGFREQUENCY' => '1',
  'TOKEN' => 'EC-7XY172286J467535B',
  'VERSION' => '71.0',
  'USER' => 'biz_api1.powinteractive.net',
  'PWD' => 'xxxxxxxx/PWD/SIG',
  'SIGNATURE' => 'xxxxxxxx/PWD/SIG',
)
-------- Output string/vars: ( Mon Apr 21, 2014 3:29:54 pm UTC ) --------
PROFILEID=I%2dU42UU5920AAP&PROFILESTATUS=PendingProfile&TIMESTAMP=2014%2d04%2d21T15%3a29%3a54Z&CORRELATIONID=77d4e071983ba&ACK=Success&VERSION=71%2e0&BUILD=10433064
array (
  'PROFILEID' => 'I-U42UU5920AAP',
  'PROFILESTATUS' => 'PendingProfile',
  'TIMESTAMP' => '2014-04-21T15:29:54Z',
  'CORRELATIONID' => '77d4e071983ba',
  'ACK' => 'Success',
  'VERSION' => '71.0',
  'BUILD' => '10433064',
)

LOG ENTRY: Mon Apr 28th, 2014 @ precisely 8:55 pm UTC
PHP v5.3.28 :: WordPress v3.9 :: s2Member v140409 :: s2Member Pro v140409
Memory 49.28 MB :: Real Memory 49.50 MB :: Peak Memory 49.35 MB :: Real Peak Memory 49.50 MB
powinteractive.pairserver.com/epic-org/register-2/
User-Agent: Mozilla/5.0 (Macintosh; Intel Mac OS X 10.9; rv:18.0) Gecko/20100101 Firefox/18.0
-------- Input vars: ( Mon Apr 28, 2014 8:55:30 pm UTC ) --------
array (
  'METHOD' => 'SetExpressCheckout',
  'RETURNURL' => 'http://powinteractive.pairserver.com/epic-org/register-2/?s2p-option=2&s2member_paypal_xco=s2member_pro_paypal_checkout_return',
  'CANCELURL' => 'http://powinteractive.pairserver.com/epic-org/register-2/?s2p-option=2&s2member_paypal_xco=s2member_pro_paypal_checkout_cancel',
  'PAGESTYLE' => 'paypal',
  'LOCALECODE' => '',
  'NOSHIPPING' => '1',
  'SOLUTIONTYPE' => 'Sole',
  'LANDINGPAGE' => 'Billing',
  'ALLOWNOTE' => '0',
  'L_BILLINGTYPE0' => 'RecurringPayments',
  'L_BILLINGAGREEMENTDESCRIPTION0' => 'Full Access Annual Subscription/ $0.10 per year',
  'MAXAMT' => '0.10',
  'PAYMENTREQUEST_0_SHIPTONAME' => 'Dominic Toretto',
  'PAYMENTREQUEST_0_SHIPTOSTREET' => '',
  'PAYMENTREQUEST_0_SHIPTOCITY' => '',
  'PAYMENTREQUEST_0_SHIPTOSTATE' => '',
  'PAYMENTREQUEST_0_SHIPTOCOUNTRYCODE' => 'US',
  'PAYMENTREQUEST_0_SHIPTOZIP' => '',
  'EMAIL' => 'toretto@test.net',
  'VERSION' => '71.0',
  'USER' => 'biz_api1.powinteractive.net',
  'PWD' => 'xxxxxxxx/PWD/SIG',
  'SIGNATURE' => 'xxxxxxxx/PWD/SIG',
)
-------- Output string/vars: ( Mon Apr 28, 2014 8:55:31 pm UTC ) --------
TOKEN=EC%2d1R54982594099920F&TIMESTAMP=2014%2d04%2d28T20%3a55%3a31Z&CORRELATIONID=2a50c16e0a4f&ACK=Success&VERSION=71%2e0&BUILD=10800277
array (
  'TOKEN' => 'EC-1R54982594099920F',
  'TIMESTAMP' => '2014-04-28T20:55:31Z',
  'CORRELATIONID' => '2a50c16e0a4f',
  'ACK' => 'Success',
  'VERSION' => '71.0',
  'BUILD' => '10800277',
)

LOG ENTRY: Mon Apr 28th, 2014 @ precisely 8:56 pm UTC
PHP v5.3.28 :: WordPress v3.9 :: s2Member v140409 :: s2Member Pro v140409
Memory 49.27 MB :: Real Memory 49.50 MB :: Peak Memory 49.33 MB :: Real Peak Memory 49.50 MB
powinteractive.pairserver.com/epic-org/register-2/?s2p-option=2&s2member_paypal_xco=s2member_pro_paypal_checkout_return&token=EC-1R54982594099920F
User-Agent: Mozilla/5.0 (Macintosh; Intel Mac OS X 10.9; rv:18.0) Gecko/20100101 Firefox/18.0
-------- Input vars: ( Mon Apr 28, 2014 8:56:58 pm UTC ) --------
array (
  'METHOD' => 'GetExpressCheckoutDetails',
  'TOKEN' => 'EC-1R54982594099920F',
  'VERSION' => '71.0',
  'USER' => 'biz_api1.powinteractive.net',
  'PWD' => 'xxxxxxxx/PWD/SIG',
  'SIGNATURE' => 'xxxxxxxx/PWD/SIG',
)
-------- Output string/vars: ( Mon Apr 28, 2014 8:56:58 pm UTC ) --------
TOKEN=EC%2d1R54982594099920F&BILLINGAGREEMENTACCEPTEDSTATUS=1&CHECKOUTSTATUS=PaymentActionNotInitiated&TIMESTAMP=2014%2d04%2d28T20%3a56%3a58Z&CORRELATIONID=421414fb3716&ACK=Success&VERSION=71%2e0&BUILD=10800277&EMAIL=toretto%40test%2enet&PAYERID=CPWYAFRECGYF4&PAYERSTATUS=verified&FIRSTNAME=Shea&LASTNAME=Gegan&COUNTRYCODE=US&CURRENCYCODE=USD&AMT=0%2e00&SHIPPINGAMT=0%2e00&HANDLINGAMT=0%2e00&TAXAMT=0%2e00&INSURANCEAMT=0%2e00&SHIPDISCAMT=0%2e00&PAYMENTREQUEST_0_CURRENCYCODE=USD&PAYMENTREQUEST_0_AMT=0%2e00&PAYMENTREQUEST_0_SHIPPINGAMT=0%2e00&PAYMENTREQUEST_0_HANDLINGAMT=0%2e00&PAYMENTREQUEST_0_TAXAMT=0%2e00&PAYMENTREQUEST_0_INSURANCEAMT=0%2e00&PAYMENTREQUEST_0_SHIPDISCAMT=0%2e00&PAYMENTREQUEST_0_INSURANCEOPTIONOFFERED=false&PAYMENTREQUESTINFO_0_ERRORCODE=0
array (
  'TOKEN' => 'EC-1R54982594099920F',
  'BILLINGAGREEMENTACCEPTEDSTATUS' => '1',
  'CHECKOUTSTATUS' => 'PaymentActionNotInitiated',
  'TIMESTAMP' => '2014-04-28T20:56:58Z',
  'CORRELATIONID' => '421414fb3716',
  'ACK' => 'Success',
  'VERSION' => '71.0',
  'BUILD' => '10800277',
  'EMAIL' => 'toretto@test.net',
  'PAYERID' => 'CPWYAFRECGYF4',
  'PAYERSTATUS' => 'verified',
  'FIRSTNAME' => 'Shea',
  'LASTNAME' => 'Gegan',
  'COUNTRYCODE' => 'US',
  'CURRENCYCODE' => 'USD',
  'AMT' => '0.00',
  'SHIPPINGAMT' => '0.00',
  'HANDLINGAMT' => '0.00',
  'TAXAMT' => '0.00',
  'INSURANCEAMT' => '0.00',
  'SHIPDISCAMT' => '0.00',
  'PAYMENTREQUEST_0_CURRENCYCODE' => 'USD',
  'PAYMENTREQUEST_0_AMT' => '0.00',
  'PAYMENTREQUEST_0_SHIPPINGAMT' => '0.00',
  'PAYMENTREQUEST_0_HANDLINGAMT' => '0.00',
  'PAYMENTREQUEST_0_TAXAMT' => '0.00',
  'PAYMENTREQUEST_0_INSURANCEAMT' => '0.00',
  'PAYMENTREQUEST_0_SHIPDISCAMT' => '0.00',
  'PAYMENTREQUEST_0_INSURANCEOPTIONOFFERED' => 'false',
  'PAYMENTREQUESTINFO_0_ERRORCODE' => '0',
)

LOG ENTRY: Mon Apr 28th, 2014 @ precisely 8:56 pm UTC
PHP v5.3.28 :: WordPress v3.9 :: s2Member v140409 :: s2Member Pro v140409
Memory 49.28 MB :: Real Memory 49.50 MB :: Peak Memory 49.35 MB :: Real Peak Memory 49.50 MB
powinteractive.pairserver.com/epic-org/register-2/?s2p-option=2&s2member_paypal_xco=s2member_pro_paypal_checkout_return&token=EC-1R54982594099920F
User-Agent: Mozilla/5.0 (Macintosh; Intel Mac OS X 10.9; rv:18.0) Gecko/20100101 Firefox/18.0
-------- Input vars: ( Mon Apr 28, 2014 8:56:58 pm UTC ) --------
array (
  'METHOD' => 'CreateRecurringPaymentsProfile',
  'EMAIL' => 'toretto@test.net',
  'FIRSTNAME' => 'Dominic',
  'LASTNAME' => 'Toretto',
  'SUBSCRIBERNAME' => 'Dominic Toretto',
  'DESC' => 'Full Access Annual Subscription/ $0.10 per year',
  'PROFILEREFERENCE' => '1430297818:0 D:1 Y~powinteractive.pairserver.com~1',
  'INITAMT' => '0.10',
  'FAILEDINITAMTACTION' => 'CancelOnFailure',
  'CURRENCYCODE' => 'USD',
  'AMT' => '0.10',
  'TAXAMT' => '0.00',
  'MAXFAILEDPAYMENTS' => '2',
  'AUTOBILLOUTAMT' => 'AddToNextBilling',
  'PROFILESTARTDATE' => '2015-04-29T00:00:00Z',
  'BILLINGPERIOD' => 'Year',
  'TOTALBILLINGCYCLES' => '0',
  'BILLINGFREQUENCY' => '1',
  'TOKEN' => 'EC-1R54982594099920F',
  'VERSION' => '71.0',
  'USER' => 'biz_api1.powinteractive.net',
  'PWD' => 'xxxxxxxx/PWD/SIG',
  'SIGNATURE' => 'xxxxxxxx/PWD/SIG',
)
-------- Output string/vars: ( Mon Apr 28, 2014 8:56:59 pm UTC ) --------
PROFILEID=I%2dC6SU8PYNBRBP&PROFILESTATUS=PendingProfile&TIMESTAMP=2014%2d04%2d28T20%3a56%3a59Z&CORRELATIONID=1e04c4522df77&ACK=Success&VERSION=71%2e0&BUILD=10800277
array (
  'PROFILEID' => 'I-C6SU8PYNBRBP',
  'PROFILESTATUS' => 'PendingProfile',
  'TIMESTAMP' => '2014-04-28T20:56:59Z',
  'CORRELATIONID' => '1e04c4522df77',
  'ACK' => 'Success',
  'VERSION' => '71.0',
  'BUILD' => '10800277',
)

LOG ENTRY: Mon Apr 28th, 2014 @ precisely 9:53 pm UTC
PHP v5.3.28 :: WordPress v3.9 :: s2Member v140409 :: s2Member Pro v140409
Memory 50.14 MB :: Real Memory 51.00 MB :: Peak Memory 50.67 MB :: Real Peak Memory 51.00 MB
powinteractive.pairserver.com/epic-org/cancel-subscription/
User-Agent: Mozilla/5.0 (Macintosh; Intel Mac OS X 10.9; rv:18.0) Gecko/20100101 Firefox/18.0
-------- Input vars: ( Mon Apr 28, 2014 9:53:49 pm UTC ) --------
array (
  'PROFILEID' => 'I-C6SU8PYNBRBP',
  'METHOD' => 'GetRecurringPaymentsProfileDetails',
  'VERSION' => '71.0',
  'USER' => 'biz_api1.powinteractive.net',
  'PWD' => 'xxxxxxxx/PWD/SIG',
  'SIGNATURE' => 'xxxxxxxx/PWD/SIG',
)
-------- Output string/vars: ( Mon Apr 28, 2014 9:53:50 pm UTC ) --------
PROFILEID=I%2dC6SU8PYNBRBP&STATUS=Pending&AUTOBILLOUTAMT=AddToNextBilling&DESC=Full%20Access%20Annual%20Subscription%2f%20%240%2e10%20per%20year&MAXFAILEDPAYMENTS=2&SUBSCRIBERNAME=Dominic%20Toretto&PROFILESTARTDATE=2015%2d04%2d29T07%3a00%3a00Z&PROFILEREFERENCE=1430297818%3a0%20D%3a1%20Y%7epowinteractive%2epairserver%2ecom%7e1&NUMCYCLESCOMPLETED=0&NUMCYCLESREMAINING=0&OUTSTANDINGBALANCE=0%2e00&FAILEDPAYMENTCOUNT=0&TRIALAMTPAID=0%2e00&REGULARAMTPAID=0%2e00&AGGREGATEAMT=0%2e00&AGGREGATEOPTIONALAMT=0%2e00&FINALPAYMENTDUEDATE=1970%2d01%2d01T00%3a00%3a00Z&TIMESTAMP=2014%2d04%2d28T21%3a53%3a50Z&CORRELATIONID=244c08e1ef667&ACK=Success&VERSION=71%2e0&BUILD=10800277&BILLINGPERIOD=Year&BILLINGFREQUENCY=1&TOTALBILLINGCYCLES=0&CURRENCYCODE=USD&AMT=0%2e10&SHIPPINGAMT=0%2e00&TAXAMT=0%2e00&REGULARBILLINGPERIOD=Year&REGULARBILLINGFREQUENCY=1&REGULARTOTALBILLINGCYCLES=0&REGULARCURRENCYCODE=USD&REGULARAMT=0%2e10&REGULARSHIPPINGAMT=0%2e00&REGULARTAXAMT=0%2e00
array (
  'PROFILEID' => 'I-C6SU8PYNBRBP',
  'STATUS' => 'Pending',
  'AUTOBILLOUTAMT' => 'AddToNextBilling',
  'DESC' => 'Full Access Annual Subscription/ $0.10 per year',
  'MAXFAILEDPAYMENTS' => '2',
  'SUBSCRIBERNAME' => 'Dominic Toretto',
  'PROFILESTARTDATE' => '2015-04-29T07:00:00Z',
  'PROFILEREFERENCE' => '1430297818:0 D:1 Y~powinteractive.pairserver.com~1',
  'NUMCYCLESCOMPLETED' => '0',
  'NUMCYCLESREMAINING' => '0',
  'OUTSTANDINGBALANCE' => '0.00',
  'FAILEDPAYMENTCOUNT' => '0',
  'TRIALAMTPAID' => '0.00',
  'REGULARAMTPAID' => '0.00',
  'AGGREGATEAMT' => '0.00',
  'AGGREGATEOPTIONALAMT' => '0.00',
  'FINALPAYMENTDUEDATE' => '1970-01-01T00:00:00Z',
  'TIMESTAMP' => '2014-04-28T21:53:50Z',
  'CORRELATIONID' => '244c08e1ef667',
  'ACK' => 'Success',
  'VERSION' => '71.0',
  'BUILD' => '10800277',
  'BILLINGPERIOD' => 'Year',
  'BILLINGFREQUENCY' => '1',
  'TOTALBILLINGCYCLES' => '0',
  'CURRENCYCODE' => 'USD',
  'AMT' => '0.10',
  'SHIPPINGAMT' => '0.00',
  'TAXAMT' => '0.00',
  'REGULARBILLINGPERIOD' => 'Year',
  'REGULARBILLINGFREQUENCY' => '1',
  'REGULARTOTALBILLINGCYCLES' => '0',
  'REGULARCURRENCYCODE' => 'USD',
  'REGULARAMT' => '0.10',
  'REGULARSHIPPINGAMT' => '0.00',
  'REGULARTAXAMT' => '0.00',
)

LOG ENTRY: Tue Apr 29th, 2014 @ precisely 2:55 pm UTC
PHP v5.3.28 :: WordPress v3.9 :: s2Member v140409 :: s2Member Pro v140409
Memory 49.40 MB :: Real Memory 49.75 MB :: Peak Memory 49.47 MB :: Real Peak Memory 49.75 MB
powinteractive.pairserver.com/epic-org/register-2/
User-Agent: Mozilla/5.0 (Macintosh; Intel Mac OS X 10_8_5) AppleWebKit/537.36 (KHTML, like Gecko) Chrome/34.0.1847.131 Safari/537.36
-------- Input vars: ( Tue Apr 29, 2014 2:55:39 pm UTC ) --------
array (
  'METHOD' => 'CreateRecurringPaymentsProfile',
  'EMAIL' => 'jimmy@powinteractive.net',
  'FIRSTNAME' => 'Jimmy',
  'LASTNAME' => 'Gnass',
  'SUBSCRIBERNAME' => 'Jimmy Gnass',
  'DESC' => 'Full Access Monthly Subscription/ $0.01 per month',
  'PROFILEREFERENCE' => '1401418539:0 D:1 M~powinteractive.pairserver.com~1',
  'INITAMT' => '0.01',
  'FAILEDINITAMTACTION' => 'CancelOnFailure',
  'CURRENCYCODE' => 'USD',
  'AMT' => '0.01',
  'TAXAMT' => '0.00',
  'MAXFAILEDPAYMENTS' => '2',
  'AUTOBILLOUTAMT' => 'AddToNextBilling',
  'PROFILESTARTDATE' => '2014-05-30T00:00:00Z',
  'BILLINGPERIOD' => 'Month',
  'TOTALBILLINGCYCLES' => '0',
  'BILLINGFREQUENCY' => '1',
  'CREDITCARDTYPE' => 'Amex',
  'ACCT' => '***********1111',
  'EXPDATE' => '012017',
  'CVV2' => '1234',
  'STREET' => '355 Stratford Rd, Apt 2C',
  'CITY' => 'Brooklyn',
  'STATE' => 'NY',
  'COUNTRYCODE' => 'US',
  'ZIP' => '11218',
  'VERSION' => '71.0',
  'USER' => 'biz_api1.powinteractive.net',
  'PWD' => 'xxxxxxxx/PWD/SIG',
  'SIGNATURE' => 'xxxxxxxx/PWD/SIG',
)
-------- Output string/vars: ( Tue Apr 29, 2014 2:55:40 pm UTC ) --------
TIMESTAMP=2014%2d04%2d29T14%3a55%3a40Z&CORRELATIONID=7af9cf0057aaa&ACK=Failure&VERSION=71%2e0&BUILD=10800277&L_ERRORCODE0=10527&L_SHORTMESSAGE0=Invalid%20Data&L_LONGMESSAGE0=This%20transaction%20cannot%20be%20processed%2e%20Please%20enter%20a%20valid%20credit%20card%20number%20and%20type%2e&L_SEVERITYCODE0=Error
array (
  'TIMESTAMP' => '2014-04-29T14:55:40Z',
  'CORRELATIONID' => '7af9cf0057aaa',
  'ACK' => 'Failure',
  'VERSION' => '71.0',
  'BUILD' => '10800277',
  'L_ERRORCODE0' => '10527',
  'L_SHORTMESSAGE0' => 'Invalid Data',
  'L_LONGMESSAGE0' => 'This transaction cannot be processed. Please enter a valid credit card number and type.',
  'L_SEVERITYCODE0' => 'Error',
  '__error' => 'Error #10527. Invalid Data. This transaction cannot be processed. Please enter a valid credit card number and type.',
)

LOG ENTRY: Tue Apr 29th, 2014 @ precisely 2:56 pm UTC
PHP v5.3.28 :: WordPress v3.9 :: s2Member v140409 :: s2Member Pro v140409
Memory 49.40 MB :: Real Memory 49.75 MB :: Peak Memory 49.47 MB :: Real Peak Memory 49.75 MB
powinteractive.pairserver.com/epic-org/register-2/
User-Agent: Mozilla/5.0 (Macintosh; Intel Mac OS X 10_8_5) AppleWebKit/537.36 (KHTML, like Gecko) Chrome/34.0.1847.131 Safari/537.36
-------- Input vars: ( Tue Apr 29, 2014 2:56:30 pm UTC ) --------
array (
  'METHOD' => 'CreateRecurringPaymentsProfile',
  'EMAIL' => 'jimmy@powinteractive.net',
  'FIRSTNAME' => 'Jimmy',
  'LASTNAME' => 'Gnass',
  'SUBSCRIBERNAME' => 'Jimmy Gnass',
  'DESC' => 'Full Access Monthly Subscription/ $0.01 per month',
  'PROFILEREFERENCE' => '1401418590:0 D:1 M~powinteractive.pairserver.com~1',
  'INITAMT' => '0.01',
  'FAILEDINITAMTACTION' => 'CancelOnFailure',
  'CURRENCYCODE' => 'USD',
  'AMT' => '0.01',
  'TAXAMT' => '0.00',
  'MAXFAILEDPAYMENTS' => '2',
  'AUTOBILLOUTAMT' => 'AddToNextBilling',
  'PROFILESTARTDATE' => '2014-05-30T00:00:00Z',
  'BILLINGPERIOD' => 'Month',
  'TOTALBILLINGCYCLES' => '0',
  'BILLINGFREQUENCY' => '1',
  'CREDITCARDTYPE' => 'Amex',
  'ACCT' => '***********3000',
  'EXPDATE' => '012018',
  'CVV2' => '1463',
  'STREET' => '355 Stratford Rd, Apt 2C',
  'CITY' => 'Brooklyn',
  'STATE' => 'NY',
  'COUNTRYCODE' => 'US',
  'ZIP' => '11218',
  'VERSION' => '71.0',
  'USER' => 'biz_api1.powinteractive.net',
  'PWD' => 'xxxxxxxx/PWD/SIG',
  'SIGNATURE' => 'xxxxxxxx/PWD/SIG',
)
-------- Output string/vars: ( Tue Apr 29, 2014 2:56:31 pm UTC ) --------
TIMESTAMP=2014%2d04%2d29T14%3a56%3a31Z&CORRELATIONID=5fa477aee14b8&ACK=Failure&VERSION=71%2e0&BUILD=10800277&L_ERRORCODE0=11586&L_SHORTMESSAGE0=DPRP%20is%20disabled%2e&L_LONGMESSAGE0=DPRP%20is%20disabled%20for%20this%20merchant%2e&L_SEVERITYCODE0=Error
array (
  'TIMESTAMP' => '2014-04-29T14:56:31Z',
  'CORRELATIONID' => '5fa477aee14b8',
  'ACK' => 'Failure',
  'VERSION' => '71.0',
  'BUILD' => '10800277',
  'L_ERRORCODE0' => '11586',
  'L_SHORTMESSAGE0' => 'DPRP is disabled.',
  'L_LONGMESSAGE0' => 'DPRP is disabled for this merchant.',
  'L_SEVERITYCODE0' => 'Error',
  '__error' => 'Error #11586. DPRP is disabled. DPRP is disabled for this merchant.',
)

LOG ENTRY: Tue Apr 29th, 2014 @ precisely 5:51 pm UTC
PHP v5.3.28 :: WordPress v3.9 :: s2Member v140409 :: s2Member Pro v140409
Memory 54.26 MB :: Real Memory 55.25 MB :: Peak Memory 54.80 MB :: Real Peak Memory 55.25 MB
powinteractive.pairserver.com/epic-org/update-billing-info/
User-Agent: Mozilla/5.0 (Macintosh; Intel Mac OS X 10.9; rv:18.0) Gecko/20100101 Firefox/18.0
-------- Input vars: ( Tue Apr 29, 2014 5:51:44 pm UTC ) --------
array (
  'PROFILEID' => 'I-C6SU8PYNBRBP',
  'METHOD' => 'GetRecurringPaymentsProfileDetails',
  'VERSION' => '71.0',
  'USER' => 'biz_api1.powinteractive.net',
  'PWD' => 'xxxxxxxx/PWD/SIG',
  'SIGNATURE' => 'xxxxxxxx/PWD/SIG',
)
-------- Output string/vars: ( Tue Apr 29, 2014 5:51:45 pm UTC ) --------
PROFILEID=I%2dC6SU8PYNBRBP&STATUS=Active&AUTOBILLOUTAMT=AddToNextBilling&DESC=Full%20Access%20Annual%20Subscription%2f%20%240%2e10%20per%20year&MAXFAILEDPAYMENTS=2&SUBSCRIBERNAME=Dominic%20Toretto&PROFILESTARTDATE=2015%2d04%2d29T07%3a00%3a00Z&PROFILEREFERENCE=1430297818%3a0%20D%3a1%20Y%7epowinteractive%2epairserver%2ecom%7e1&NEXTBILLINGDATE=2015%2d04%2d29T10%3a00%3a00Z&NUMCYCLESCOMPLETED=0&NUMCYCLESREMAINING=0&OUTSTANDINGBALANCE=0%2e00&FAILEDPAYMENTCOUNT=0&LASTPAYMENTDATE=2014%2d04%2d28T23%3a59%3a36Z&LASTPAYMENTAMT=0%2e10&TRIALAMTPAID=0%2e00&REGULARAMTPAID=0%2e00&AGGREGATEAMT=0%2e00&AGGREGATEOPTIONALAMT=0%2e10&FINALPAYMENTDUEDATE=1970%2d01%2d01T00%3a00%3a00Z&TIMESTAMP=2014%2d04%2d29T17%3a51%3a44Z&CORRELATIONID=a44a4a50a908a&ACK=Success&VERSION=71%2e0&BUILD=10800277&BILLINGPERIOD=Year&BILLINGFREQUENCY=1&TOTALBILLINGCYCLES=0&CURRENCYCODE=USD&AMT=0%2e10&SHIPPINGAMT=0%2e00&TAXAMT=0%2e00&REGULARBILLINGPERIOD=Year&REGULARBILLINGFREQUENCY=1&REGULARTOTALBILLINGCYCLES=0&REGULARCURRENCYCODE=USD&REGULARAMT=0%2e10&REGULARSHIPPINGAMT=0%2e00&REGULARTAXAMT=0%2e00
array (
  'PROFILEID' => 'I-C6SU8PYNBRBP',
  'STATUS' => 'Active',
  'AUTOBILLOUTAMT' => 'AddToNextBilling',
  'DESC' => 'Full Access Annual Subscription/ $0.10 per year',
  'MAXFAILEDPAYMENTS' => '2',
  'SUBSCRIBERNAME' => 'Dominic Toretto',
  'PROFILESTARTDATE' => '2015-04-29T07:00:00Z',
  'PROFILEREFERENCE' => '1430297818:0 D:1 Y~powinteractive.pairserver.com~1',
  'NEXTBILLINGDATE' => '2015-04-29T10:00:00Z',
  'NUMCYCLESCOMPLETED' => '0',
  'NUMCYCLESREMAINING' => '0',
  'OUTSTANDINGBALANCE' => '0.00',
  'FAILEDPAYMENTCOUNT' => '0',
  'LASTPAYMENTDATE' => '2014-04-28T23:59:36Z',
  'LASTPAYMENTAMT' => '0.10',
  'TRIALAMTPAID' => '0.00',
  'REGULARAMTPAID' => '0.00',
  'AGGREGATEAMT' => '0.00',
  'AGGREGATEOPTIONALAMT' => '0.10',
  'FINALPAYMENTDUEDATE' => '1970-01-01T00:00:00Z',
  'TIMESTAMP' => '2014-04-29T17:51:44Z',
  'CORRELATIONID' => 'a44a4a50a908a',
  'ACK' => 'Success',
  'VERSION' => '71.0',
  'BUILD' => '10800277',
  'BILLINGPERIOD' => 'Year',
  'BILLINGFREQUENCY' => '1',
  'TOTALBILLINGCYCLES' => '0',
  'CURRENCYCODE' => 'USD',
  'AMT' => '0.10',
  'SHIPPINGAMT' => '0.00',
  'TAXAMT' => '0.00',
  'REGULARBILLINGPERIOD' => 'Year',
  'REGULARBILLINGFREQUENCY' => '1',
  'REGULARTOTALBILLINGCYCLES' => '0',
  'REGULARCURRENCYCODE' => 'USD',
  'REGULARAMT' => '0.10',
  'REGULARSHIPPINGAMT' => '0.00',
  'REGULARTAXAMT' => '0.00',
)

LOG ENTRY: Tue Apr 29th, 2014 @ precisely 8:54 pm UTC
PHP v5.3.28 :: WordPress v3.9 :: s2Member v140409 :: s2Member Pro v140409
Memory 54.27 MB :: Real Memory 55.25 MB :: Peak Memory 54.80 MB :: Real Peak Memory 55.25 MB
powinteractive.pairserver.com/epic-org/update-billing-info/
User-Agent: Mozilla/5.0 (Macintosh; Intel Mac OS X 10.9; rv:18.0) Gecko/20100101 Firefox/18.0
-------- Input vars: ( Tue Apr 29, 2014 8:54:08 pm UTC ) --------
array (
  'PROFILEID' => 'I-C6SU8PYNBRBP',
  'METHOD' => 'GetRecurringPaymentsProfileDetails',
  'VERSION' => '71.0',
  'USER' => 'biz_api1.powinteractive.net',
  'PWD' => 'xxxxxxxx/PWD/SIG',
  'SIGNATURE' => 'xxxxxxxx/PWD/SIG',
)
-------- Output string/vars: ( Tue Apr 29, 2014 8:54:09 pm UTC ) --------
PROFILEID=I%2dC6SU8PYNBRBP&STATUS=Active&AUTOBILLOUTAMT=AddToNextBilling&DESC=Full%20Access%20Annual%20Subscription%2f%20%240%2e10%20per%20year&MAXFAILEDPAYMENTS=2&SUBSCRIBERNAME=Dominic%20Toretto&PROFILESTARTDATE=2015%2d04%2d29T07%3a00%3a00Z&PROFILEREFERENCE=1430297818%3a0%20D%3a1%20Y%7epowinteractive%2epairserver%2ecom%7e1&NEXTBILLINGDATE=2015%2d04%2d29T10%3a00%3a00Z&NUMCYCLESCOMPLETED=0&NUMCYCLESREMAINING=0&OUTSTANDINGBALANCE=0%2e00&FAILEDPAYMENTCOUNT=0&LASTPAYMENTDATE=2014%2d04%2d28T23%3a59%3a36Z&LASTPAYMENTAMT=0%2e10&TRIALAMTPAID=0%2e00&REGULARAMTPAID=0%2e00&AGGREGATEAMT=0%2e00&AGGREGATEOPTIONALAMT=0%2e10&FINALPAYMENTDUEDATE=1970%2d01%2d01T00%3a00%3a00Z&TIMESTAMP=2014%2d04%2d29T20%3a54%3a09Z&CORRELATIONID=2dc3110cc02d7&ACK=Success&VERSION=71%2e0&BUILD=10800277&BILLINGPERIOD=Year&BILLINGFREQUENCY=1&TOTALBILLINGCYCLES=0&CURRENCYCODE=USD&AMT=0%2e10&SHIPPINGAMT=0%2e00&TAXAMT=0%2e00&REGULARBILLINGPERIOD=Year&REGULARBILLINGFREQUENCY=1&REGULARTOTALBILLINGCYCLES=0&REGULARCURRENCYCODE=USD&REGULARAMT=0%2e10&REGULARSHIPPINGAMT=0%2e00&REGULARTAXAMT=0%2e00
array (
  'PROFILEID' => 'I-C6SU8PYNBRBP',
  'STATUS' => 'Active',
  'AUTOBILLOUTAMT' => 'AddToNextBilling',
  'DESC' => 'Full Access Annual Subscription/ $0.10 per year',
  'MAXFAILEDPAYMENTS' => '2',
  'SUBSCRIBERNAME' => 'Dominic Toretto',
  'PROFILESTARTDATE' => '2015-04-29T07:00:00Z',
  'PROFILEREFERENCE' => '1430297818:0 D:1 Y~powinteractive.pairserver.com~1',
  'NEXTBILLINGDATE' => '2015-04-29T10:00:00Z',
  'NUMCYCLESCOMPLETED' => '0',
  'NUMCYCLESREMAINING' => '0',
  'OUTSTANDINGBALANCE' => '0.00',
  'FAILEDPAYMENTCOUNT' => '0',
  'LASTPAYMENTDATE' => '2014-04-28T23:59:36Z',
  'LASTPAYMENTAMT' => '0.10',
  'TRIALAMTPAID' => '0.00',
  'REGULARAMTPAID' => '0.00',
  'AGGREGATEAMT' => '0.00',
  'AGGREGATEOPTIONALAMT' => '0.10',
  'FINALPAYMENTDUEDATE' => '1970-01-01T00:00:00Z',
  'TIMESTAMP' => '2014-04-29T20:54:09Z',
  'CORRELATIONID' => '2dc3110cc02d7',
  'ACK' => 'Success',
  'VERSION' => '71.0',
  'BUILD' => '10800277',
  'BILLINGPERIOD' => 'Year',
  'BILLINGFREQUENCY' => '1',
  'TOTALBILLINGCYCLES' => '0',
  'CURRENCYCODE' => 'USD',
  'AMT' => '0.10',
  'SHIPPINGAMT' => '0.00',
  'TAXAMT' => '0.00',
  'REGULARBILLINGPERIOD' => 'Year',
  'REGULARBILLINGFREQUENCY' => '1',
  'REGULARTOTALBILLINGCYCLES' => '0',
  'REGULARCURRENCYCODE' => 'USD',
  'REGULARAMT' => '0.10',
  'REGULARSHIPPINGAMT' => '0.00',
  'REGULARTAXAMT' => '0.00',
)

LOG ENTRY: Tue Apr 29th, 2014 @ precisely 8:54 pm UTC
PHP v5.3.28 :: WordPress v3.9 :: s2Member v140409 :: s2Member Pro v140409
Memory 54.26 MB :: Real Memory 55.25 MB :: Peak Memory 54.79 MB :: Real Peak Memory 55.25 MB
powinteractive.pairserver.com/epic-org/cancel-subscription/
User-Agent: Mozilla/5.0 (Macintosh; Intel Mac OS X 10.9; rv:18.0) Gecko/20100101 Firefox/18.0
-------- Input vars: ( Tue Apr 29, 2014 8:54:11 pm UTC ) --------
array (
  'PROFILEID' => 'I-C6SU8PYNBRBP',
  'METHOD' => 'GetRecurringPaymentsProfileDetails',
  'VERSION' => '71.0',
  'USER' => 'biz_api1.powinteractive.net',
  'PWD' => 'xxxxxxxx/PWD/SIG',
  'SIGNATURE' => 'xxxxxxxx/PWD/SIG',
)
-------- Output string/vars: ( Tue Apr 29, 2014 8:54:11 pm UTC ) --------
PROFILEID=I%2dC6SU8PYNBRBP&STATUS=Active&AUTOBILLOUTAMT=AddToNextBilling&DESC=Full%20Access%20Annual%20Subscription%2f%20%240%2e10%20per%20year&MAXFAILEDPAYMENTS=2&SUBSCRIBERNAME=Dominic%20Toretto&PROFILESTARTDATE=2015%2d04%2d29T07%3a00%3a00Z&PROFILEREFERENCE=1430297818%3a0%20D%3a1%20Y%7epowinteractive%2epairserver%2ecom%7e1&NEXTBILLINGDATE=2015%2d04%2d29T10%3a00%3a00Z&NUMCYCLESCOMPLETED=0&NUMCYCLESREMAINING=0&OUTSTANDINGBALANCE=0%2e00&FAILEDPAYMENTCOUNT=0&LASTPAYMENTDATE=2014%2d04%2d28T23%3a59%3a36Z&LASTPAYMENTAMT=0%2e10&TRIALAMTPAID=0%2e00&REGULARAMTPAID=0%2e00&AGGREGATEAMT=0%2e00&AGGREGATEOPTIONALAMT=0%2e10&FINALPAYMENTDUEDATE=1970%2d01%2d01T00%3a00%3a00Z&TIMESTAMP=2014%2d04%2d29T20%3a54%3a11Z&CORRELATIONID=52f04fdb55563&ACK=Success&VERSION=71%2e0&BUILD=10800277&BILLINGPERIOD=Year&BILLINGFREQUENCY=1&TOTALBILLINGCYCLES=0&CURRENCYCODE=USD&AMT=0%2e10&SHIPPINGAMT=0%2e00&TAXAMT=0%2e00&REGULARBILLINGPERIOD=Year&REGULARBILLINGFREQUENCY=1&REGULARTOTALBILLINGCYCLES=0&REGULARCURRENCYCODE=USD&REGULARAMT=0%2e10&REGULARSHIPPINGAMT=0%2e00&REGULARTAXAMT=0%2e00
array (
  'PROFILEID' => 'I-C6SU8PYNBRBP',
  'STATUS' => 'Active',
  'AUTOBILLOUTAMT' => 'AddToNextBilling',
  'DESC' => 'Full Access Annual Subscription/ $0.10 per year',
  'MAXFAILEDPAYMENTS' => '2',
  'SUBSCRIBERNAME' => 'Dominic Toretto',
  'PROFILESTARTDATE' => '2015-04-29T07:00:00Z',
  'PROFILEREFERENCE' => '1430297818:0 D:1 Y~powinteractive.pairserver.com~1',
  'NEXTBILLINGDATE' => '2015-04-29T10:00:00Z',
  'NUMCYCLESCOMPLETED' => '0',
  'NUMCYCLESREMAINING' => '0',
  'OUTSTANDINGBALANCE' => '0.00',
  'FAILEDPAYMENTCOUNT' => '0',
  'LASTPAYMENTDATE' => '2014-04-28T23:59:36Z',
  'LASTPAYMENTAMT' => '0.10',
  'TRIALAMTPAID' => '0.00',
  'REGULARAMTPAID' => '0.00',
  'AGGREGATEAMT' => '0.00',
  'AGGREGATEOPTIONALAMT' => '0.10',
  'FINALPAYMENTDUEDATE' => '1970-01-01T00:00:00Z',
  'TIMESTAMP' => '2014-04-29T20:54:11Z',
  'CORRELATIONID' => '52f04fdb55563',
  'ACK' => 'Success',
  'VERSION' => '71.0',
  'BUILD' => '10800277',
  'BILLINGPERIOD' => 'Year',
  'BILLINGFREQUENCY' => '1',
  'TOTALBILLINGCYCLES' => '0',
  'CURRENCYCODE' => 'USD',
  'AMT' => '0.10',
  'SHIPPINGAMT' => '0.00',
  'TAXAMT' => '0.00',
  'REGULARBILLINGPERIOD' => 'Year',
  'REGULARBILLINGFREQUENCY' => '1',
  'REGULARTOTALBILLINGCYCLES' => '0',
  'REGULARCURRENCYCODE' => 'USD',
  'REGULARAMT' => '0.10',
  'REGULARSHIPPINGAMT' => '0.00',
  'REGULARTAXAMT' => '0.00',
)

LOG ENTRY: Tue Apr 29th, 2014 @ precisely 8:55 pm UTC
PHP v5.3.28 :: WordPress v3.9 :: s2Member v140409 :: s2Member Pro v140409
Memory 54.26 MB :: Real Memory 55.25 MB :: Peak Memory 54.80 MB :: Real Peak Memory 55.25 MB
powinteractive.pairserver.com/epic-org/cancel-subscription/
User-Agent: Mozilla/5.0 (Macintosh; Intel Mac OS X 10.9; rv:18.0) Gecko/20100101 Firefox/18.0
-------- Input vars: ( Tue Apr 29, 2014 8:55:35 pm UTC ) --------
array (
  'PROFILEID' => 'I-C6SU8PYNBRBP',
  'METHOD' => 'GetRecurringPaymentsProfileDetails',
  'VERSION' => '71.0',
  'USER' => 'biz_api1.powinteractive.net',
  'PWD' => 'xxxxxxxx/PWD/SIG',
  'SIGNATURE' => 'xxxxxxxx/PWD/SIG',
)
-------- Output string/vars: ( Tue Apr 29, 2014 8:55:35 pm UTC ) --------
PROFILEID=I%2dC6SU8PYNBRBP&STATUS=Active&AUTOBILLOUTAMT=AddToNextBilling&DESC=Full%20Access%20Annual%20Subscription%2f%20%240%2e10%20per%20year&MAXFAILEDPAYMENTS=2&SUBSCRIBERNAME=Dominic%20Toretto&PROFILESTARTDATE=2015%2d04%2d29T07%3a00%3a00Z&PROFILEREFERENCE=1430297818%3a0%20D%3a1%20Y%7epowinteractive%2epairserver%2ecom%7e1&NEXTBILLINGDATE=2015%2d04%2d29T10%3a00%3a00Z&NUMCYCLESCOMPLETED=0&NUMCYCLESREMAINING=0&OUTSTANDINGBALANCE=0%2e00&FAILEDPAYMENTCOUNT=0&LASTPAYMENTDATE=2014%2d04%2d28T23%3a59%3a36Z&LASTPAYMENTAMT=0%2e10&TRIALAMTPAID=0%2e00&REGULARAMTPAID=0%2e00&AGGREGATEAMT=0%2e00&AGGREGATEOPTIONALAMT=0%2e10&FINALPAYMENTDUEDATE=1970%2d01%2d01T00%3a00%3a00Z&TIMESTAMP=2014%2d04%2d29T20%3a55%3a35Z&CORRELATIONID=7dc99d295b33&ACK=Success&VERSION=71%2e0&BUILD=10800277&BILLINGPERIOD=Year&BILLINGFREQUENCY=1&TOTALBILLINGCYCLES=0&CURRENCYCODE=USD&AMT=0%2e10&SHIPPINGAMT=0%2e00&TAXAMT=0%2e00&REGULARBILLINGPERIOD=Year&REGULARBILLINGFREQUENCY=1&REGULARTOTALBILLINGCYCLES=0&REGULARCURRENCYCODE=USD&REGULARAMT=0%2e10&REGULARSHIPPINGAMT=0%2e00&REGULARTAXAMT=0%2e00
array (
  'PROFILEID' => 'I-C6SU8PYNBRBP',
  'STATUS' => 'Active',
  'AUTOBILLOUTAMT' => 'AddToNextBilling',
  'DESC' => 'Full Access Annual Subscription/ $0.10 per year',
  'MAXFAILEDPAYMENTS' => '2',
  'SUBSCRIBERNAME' => 'Dominic Toretto',
  'PROFILESTARTDATE' => '2015-04-29T07:00:00Z',
  'PROFILEREFERENCE' => '1430297818:0 D:1 Y~powinteractive.pairserver.com~1',
  'NEXTBILLINGDATE' => '2015-04-29T10:00:00Z',
  'NUMCYCLESCOMPLETED' => '0',
  'NUMCYCLESREMAINING' => '0',
  'OUTSTANDINGBALANCE' => '0.00',
  'FAILEDPAYMENTCOUNT' => '0',
  'LASTPAYMENTDATE' => '2014-04-28T23:59:36Z',
  'LASTPAYMENTAMT' => '0.10',
  'TRIALAMTPAID' => '0.00',
  'REGULARAMTPAID' => '0.00',
  'AGGREGATEAMT' => '0.00',
  'AGGREGATEOPTIONALAMT' => '0.10',
  'FINALPAYMENTDUEDATE' => '1970-01-01T00:00:00Z',
  'TIMESTAMP' => '2014-04-29T20:55:35Z',
  'CORRELATIONID' => '7dc99d295b33',
  'ACK' => 'Success',
  'VERSION' => '71.0',
  'BUILD' => '10800277',
  'BILLINGPERIOD' => 'Year',
  'BILLINGFREQUENCY' => '1',
  'TOTALBILLINGCYCLES' => '0',
  'CURRENCYCODE' => 'USD',
  'AMT' => '0.10',
  'SHIPPINGAMT' => '0.00',
  'TAXAMT' => '0.00',
  'REGULARBILLINGPERIOD' => 'Year',
  'REGULARBILLINGFREQUENCY' => '1',
  'REGULARTOTALBILLINGCYCLES' => '0',
  'REGULARCURRENCYCODE' => 'USD',
  'REGULARAMT' => '0.10',
  'REGULARSHIPPINGAMT' => '0.00',
  'REGULARTAXAMT' => '0.00',
)

LOG ENTRY: Tue Apr 29th, 2014 @ precisely 8:55 pm UTC
PHP v5.3.28 :: WordPress v3.9 :: s2Member v140409 :: s2Member Pro v140409
Memory 54.26 MB :: Real Memory 55.25 MB :: Peak Memory 54.80 MB :: Real Peak Memory 55.25 MB
powinteractive.pairserver.com/epic-org/update-billing-info/
User-Agent: Mozilla/5.0 (Macintosh; Intel Mac OS X 10.9; rv:18.0) Gecko/20100101 Firefox/18.0
-------- Input vars: ( Tue Apr 29, 2014 8:55:42 pm UTC ) --------
array (
  'PROFILEID' => 'I-C6SU8PYNBRBP',
  'METHOD' => 'GetRecurringPaymentsProfileDetails',
  'VERSION' => '71.0',
  'USER' => 'biz_api1.powinteractive.net',
  'PWD' => 'xxxxxxxx/PWD/SIG',
  'SIGNATURE' => 'xxxxxxxx/PWD/SIG',
)
-------- Output string/vars: ( Tue Apr 29, 2014 8:55:42 pm UTC ) --------
PROFILEID=I%2dC6SU8PYNBRBP&STATUS=Active&AUTOBILLOUTAMT=AddToNextBilling&DESC=Full%20Access%20Annual%20Subscription%2f%20%240%2e10%20per%20year&MAXFAILEDPAYMENTS=2&SUBSCRIBERNAME=Dominic%20Toretto&PROFILESTARTDATE=2015%2d04%2d29T07%3a00%3a00Z&PROFILEREFERENCE=1430297818%3a0%20D%3a1%20Y%7epowinteractive%2epairserver%2ecom%7e1&NEXTBILLINGDATE=2015%2d04%2d29T10%3a00%3a00Z&NUMCYCLESCOMPLETED=0&NUMCYCLESREMAINING=0&OUTSTANDINGBALANCE=0%2e00&FAILEDPAYMENTCOUNT=0&LASTPAYMENTDATE=2014%2d04%2d28T23%3a59%3a36Z&LASTPAYMENTAMT=0%2e10&TRIALAMTPAID=0%2e00&REGULARAMTPAID=0%2e00&AGGREGATEAMT=0%2e00&AGGREGATEOPTIONALAMT=0%2e10&FINALPAYMENTDUEDATE=1970%2d01%2d01T00%3a00%3a00Z&TIMESTAMP=2014%2d04%2d29T20%3a55%3a42Z&CORRELATIONID=8f9600da598c9&ACK=Success&VERSION=71%2e0&BUILD=10800277&BILLINGPERIOD=Year&BILLINGFREQUENCY=1&TOTALBILLINGCYCLES=0&CURRENCYCODE=USD&AMT=0%2e10&SHIPPINGAMT=0%2e00&TAXAMT=0%2e00&REGULARBILLINGPERIOD=Year&REGULARBILLINGFREQUENCY=1&REGULARTOTALBILLINGCYCLES=0&REGULARCURRENCYCODE=USD&REGULARAMT=0%2e10&REGULARSHIPPINGAMT=0%2e00&REGULARTAXAMT=0%2e00
array (
  'PROFILEID' => 'I-C6SU8PYNBRBP',
  'STATUS' => 'Active',
  'AUTOBILLOUTAMT' => 'AddToNextBilling',
  'DESC' => 'Full Access Annual Subscription/ $0.10 per year',
  'MAXFAILEDPAYMENTS' => '2',
  'SUBSCRIBERNAME' => 'Dominic Toretto',
  'PROFILESTARTDATE' => '2015-04-29T07:00:00Z',
  'PROFILEREFERENCE' => '1430297818:0 D:1 Y~powinteractive.pairserver.com~1',
  'NEXTBILLINGDATE' => '2015-04-29T10:00:00Z',
  'NUMCYCLESCOMPLETED' => '0',
  'NUMCYCLESREMAINING' => '0',
  'OUTSTANDINGBALANCE' => '0.00',
  'FAILEDPAYMENTCOUNT' => '0',
  'LASTPAYMENTDATE' => '2014-04-28T23:59:36Z',
  'LASTPAYMENTAMT' => '0.10',
  'TRIALAMTPAID' => '0.00',
  'REGULARAMTPAID' => '0.00',
  'AGGREGATEAMT' => '0.00',
  'AGGREGATEOPTIONALAMT' => '0.10',
  'FINALPAYMENTDUEDATE' => '1970-01-01T00:00:00Z',
  'TIMESTAMP' => '2014-04-29T20:55:42Z',
  'CORRELATIONID' => '8f9600da598c9',
  'ACK' => 'Success',
  'VERSION' => '71.0',
  'BUILD' => '10800277',
  'BILLINGPERIOD' => 'Year',
  'BILLINGFREQUENCY' => '1',
  'TOTALBILLINGCYCLES' => '0',
  'CURRENCYCODE' => 'USD',
  'AMT' => '0.10',
  'SHIPPINGAMT' => '0.00',
  'TAXAMT' => '0.00',
  'REGULARBILLINGPERIOD' => 'Year',
  'REGULARBILLINGFREQUENCY' => '1',
  'REGULARTOTALBILLINGCYCLES' => '0',
  'REGULARCURRENCYCODE' => 'USD',
  'REGULARAMT' => '0.10',
  'REGULARSHIPPINGAMT' => '0.00',
  'REGULARTAXAMT' => '0.00',
)

